{"total": {"lines":{"total":412,"covered":62,"skipped":0,"pct":15.05},"statements":{"total":433,"covered":62,"skipped":0,"pct":14.32},"functions":{"total":98,"covered":15,"skipped":0,"pct":15.31},"branches":{"total":112,"covered":2,"skipped":0,"pct":1.79}}
,"/home/b/Trybe/Projetos/Front-end/sd-014-a-project-recipes-app/src/App.js": {"lines":{"total":1,"covered":1,"skipped":0,"pct":100},"functions":{"total":1,"covered":1,"skipped":0,"pct":100},"statements":{"total":1,"covered":1,"skipped":0,"pct":100},"branches":{"total":0,"covered":0,"skipped":0,"pct":100}}
,"/home/b/Trybe/Projetos/Front-end/sd-014-a-project-recipes-app/src/components/Categories.jsx": {"lines":{"total":27,"covered":0,"skipped":0,"pct":0},"functions":{"total":6,"covered":0,"skipped":0,"pct":0},"statements":{"total":27,"covered":0,"skipped":0,"pct":0},"branches":{"total":6,"covered":0,"skipped":0,"pct":0}}
,"/home/b/Trybe/Projetos/Front-end/sd-014-a-project-recipes-app/src/components/DrinkSearchResults.jsx": {"lines":{"total":4,"covered":0,"skipped":0,"pct":0},"functions":{"total":2,"covered":0,"skipped":0,"pct":0},"statements":{"total":5,"covered":0,"skipped":0,"pct":0},"branches":{"total":2,"covered":0,"skipped":0,"pct":0}}
,"/home/b/Trybe/Projetos/Front-end/sd-014-a-project-recipes-app/src/components/FoodSearchResults.jsx": {"lines":{"total":4,"covered":0,"skipped":0,"pct":0},"functions":{"total":2,"covered":0,"skipped":0,"pct":0},"statements":{"total":5,"covered":0,"skipped":0,"pct":0},"branches":{"total":2,"covered":0,"skipped":0,"pct":0}}
,"/home/b/Trybe/Projetos/Front-end/sd-014-a-project-recipes-app/src/components/Footer.jsx": {"lines":{"total":1,"covered":0,"skipped":0,"pct":0},"functions":{"total":1,"covered":0,"skipped":0,"pct":0},"statements":{"total":1,"covered":0,"skipped":0,"pct":0},"branches":{"total":0,"covered":0,"skipped":0,"pct":100}}
,"/home/b/Trybe/Projetos/Front-end/sd-014-a-project-recipes-app/src/components/Header.jsx": {"lines":{"total":4,"covered":1,"skipped":0,"pct":25},"functions":{"total":2,"covered":0,"skipped":0,"pct":0},"statements":{"total":4,"covered":1,"skipped":0,"pct":25},"branches":{"total":6,"covered":0,"skipped":0,"pct":0}}
,"/home/b/Trybe/Projetos/Front-end/sd-014-a-project-recipes-app/src/components/SearchBar.jsx": {"lines":{"total":28,"covered":0,"skipped":0,"pct":0},"functions":{"total":6,"covered":0,"skipped":0,"pct":0},"statements":{"total":31,"covered":0,"skipped":0,"pct":0},"branches":{"total":16,"covered":0,"skipped":0,"pct":0}}
,"/home/b/Trybe/Projetos/Front-end/sd-014-a-project-recipes-app/src/contexts/DrinkContext.js": {"lines":{"total":1,"covered":1,"skipped":0,"pct":100},"functions":{"total":0,"covered":0,"skipped":0,"pct":100},"statements":{"total":1,"covered":1,"skipped":0,"pct":100},"branches":{"total":0,"covered":0,"skipped":0,"pct":100}}
,"/home/b/Trybe/Projetos/Front-end/sd-014-a-project-recipes-app/src/contexts/DrinkProvider.js": {"lines":{"total":44,"covered":21,"skipped":0,"pct":47.73},"functions":{"total":8,"covered":5,"skipped":0,"pct":62.5},"statements":{"total":44,"covered":21,"skipped":0,"pct":47.73},"branches":{"total":8,"covered":0,"skipped":0,"pct":0}}
,"/home/b/Trybe/Projetos/Front-end/sd-014-a-project-recipes-app/src/contexts/FoodContext.js": {"lines":{"total":1,"covered":1,"skipped":0,"pct":100},"functions":{"total":0,"covered":0,"skipped":0,"pct":100},"statements":{"total":1,"covered":1,"skipped":0,"pct":100},"branches":{"total":0,"covered":0,"skipped":0,"pct":100}}
,"/home/b/Trybe/Projetos/Front-end/sd-014-a-project-recipes-app/src/contexts/FoodProvider.js": {"lines":{"total":52,"covered":23,"skipped":0,"pct":44.23},"functions":{"total":9,"covered":5,"skipped":0,"pct":55.56},"statements":{"total":52,"covered":23,"skipped":0,"pct":44.23},"branches":{"total":8,"covered":0,"skipped":0,"pct":0}}
,"/home/b/Trybe/Projetos/Front-end/sd-014-a-project-recipes-app/src/helper/fetchArea.js": {"lines":{"total":7,"covered":0,"skipped":0,"pct":0},"functions":{"total":1,"covered":0,"skipped":0,"pct":0},"statements":{"total":7,"covered":0,"skipped":0,"pct":0},"branches":{"total":0,"covered":0,"skipped":0,"pct":100}}
,"/home/b/Trybe/Projetos/Front-end/sd-014-a-project-recipes-app/src/helper/fetchCategoryDrinkAPI.js": {"lines":{"total":5,"covered":2,"skipped":0,"pct":40},"functions":{"total":1,"covered":1,"skipped":0,"pct":100},"statements":{"total":5,"covered":2,"skipped":0,"pct":40},"branches":{"total":0,"covered":0,"skipped":0,"pct":100}}
,"/home/b/Trybe/Projetos/Front-end/sd-014-a-project-recipes-app/src/helper/fetchCategoryFoodAPI.js": {"lines":{"total":5,"covered":2,"skipped":0,"pct":40},"functions":{"total":1,"covered":1,"skipped":0,"pct":100},"statements":{"total":5,"covered":2,"skipped":0,"pct":40},"branches":{"total":0,"covered":0,"skipped":0,"pct":100}}
,"/home/b/Trybe/Projetos/Front-end/sd-014-a-project-recipes-app/src/helper/fetchDrinkAPI.js": {"lines":{"total":10,"covered":0,"skipped":0,"pct":0},"functions":{"total":1,"covered":0,"skipped":0,"pct":0},"statements":{"total":13,"covered":0,"skipped":0,"pct":0},"branches":{"total":6,"covered":0,"skipped":0,"pct":0}}
,"/home/b/Trybe/Projetos/Front-end/sd-014-a-project-recipes-app/src/helper/fetchDrinkByCategory.js": {"lines":{"total":6,"covered":0,"skipped":0,"pct":0},"functions":{"total":1,"covered":0,"skipped":0,"pct":0},"statements":{"total":6,"covered":0,"skipped":0,"pct":0},"branches":{"total":0,"covered":0,"skipped":0,"pct":100}}
,"/home/b/Trybe/Projetos/Front-end/sd-014-a-project-recipes-app/src/helper/fetchFoodAPI.js": {"lines":{"total":10,"covered":0,"skipped":0,"pct":0},"functions":{"total":1,"covered":0,"skipped":0,"pct":0},"statements":{"total":13,"covered":0,"skipped":0,"pct":0},"branches":{"total":6,"covered":0,"skipped":0,"pct":0}}
,"/home/b/Trybe/Projetos/Front-end/sd-014-a-project-recipes-app/src/helper/fetchFoodByCategory.js": {"lines":{"total":6,"covered":0,"skipped":0,"pct":0},"functions":{"total":1,"covered":0,"skipped":0,"pct":0},"statements":{"total":6,"covered":0,"skipped":0,"pct":0},"branches":{"total":0,"covered":0,"skipped":0,"pct":100}}
,"/home/b/Trybe/Projetos/Front-end/sd-014-a-project-recipes-app/src/helper/fetchIngredients.js": {"lines":{"total":15,"covered":0,"skipped":0,"pct":0},"functions":{"total":1,"covered":0,"skipped":0,"pct":0},"statements":{"total":17,"covered":0,"skipped":0,"pct":0},"branches":{"total":8,"covered":0,"skipped":0,"pct":0}}
,"/home/b/Trybe/Projetos/Front-end/sd-014-a-project-recipes-app/src/helper/fetchRandom.js": {"lines":{"total":15,"covered":0,"skipped":0,"pct":0},"functions":{"total":1,"covered":0,"skipped":0,"pct":0},"statements":{"total":17,"covered":0,"skipped":0,"pct":0},"branches":{"total":8,"covered":0,"skipped":0,"pct":0}}
,"/home/b/Trybe/Projetos/Front-end/sd-014-a-project-recipes-app/src/pages/Bebidas.jsx": {"lines":{"total":1,"covered":0,"skipped":0,"pct":0},"functions":{"total":1,"covered":0,"skipped":0,"pct":0},"statements":{"total":1,"covered":0,"skipped":0,"pct":0},"branches":{"total":0,"covered":0,"skipped":0,"pct":100}}
,"/home/b/Trybe/Projetos/Front-end/sd-014-a-project-recipes-app/src/pages/Comidas.jsx": {"lines":{"total":1,"covered":0,"skipped":0,"pct":0},"functions":{"total":1,"covered":0,"skipped":0,"pct":0},"statements":{"total":1,"covered":0,"skipped":0,"pct":0},"branches":{"total":0,"covered":0,"skipped":0,"pct":100}}
,"/home/b/Trybe/Projetos/Front-end/sd-014-a-project-recipes-app/src/pages/Detalhes.jsx": {"lines":{"total":1,"covered":0,"skipped":0,"pct":0},"functions":{"total":1,"covered":0,"skipped":0,"pct":0},"statements":{"total":1,"covered":0,"skipped":0,"pct":0},"branches":{"total":0,"covered":0,"skipped":0,"pct":100}}
,"/home/b/Trybe/Projetos/Front-end/sd-014-a-project-recipes-app/src/pages/EmProcesso.jsx": {"lines":{"total":1,"covered":0,"skipped":0,"pct":0},"functions":{"total":1,"covered":0,"skipped":0,"pct":0},"statements":{"total":1,"covered":0,"skipped":0,"pct":0},"branches":{"total":0,"covered":0,"skipped":0,"pct":100}}
,"/home/b/Trybe/Projetos/Front-end/sd-014-a-project-recipes-app/src/pages/ExpAreaComidas.jsx": {"lines":{"total":31,"covered":0,"skipped":0,"pct":0},"functions":{"total":7,"covered":0,"skipped":0,"pct":0},"statements":{"total":31,"covered":0,"skipped":0,"pct":0},"branches":{"total":4,"covered":0,"skipped":0,"pct":0}}
,"/home/b/Trybe/Projetos/Front-end/sd-014-a-project-recipes-app/src/pages/ExpBebidas.jsx": {"lines":{"total":7,"covered":0,"skipped":0,"pct":0},"functions":{"total":3,"covered":0,"skipped":0,"pct":0},"statements":{"total":7,"covered":0,"skipped":0,"pct":0},"branches":{"total":0,"covered":0,"skipped":0,"pct":100}}
,"/home/b/Trybe/Projetos/Front-end/sd-014-a-project-recipes-app/src/pages/ExpComidas.jsx": {"lines":{"total":9,"covered":0,"skipped":0,"pct":0},"functions":{"total":4,"covered":0,"skipped":0,"pct":0},"statements":{"total":9,"covered":0,"skipped":0,"pct":0},"branches":{"total":0,"covered":0,"skipped":0,"pct":100}}
,"/home/b/Trybe/Projetos/Front-end/sd-014-a-project-recipes-app/src/pages/ExpIngBebidas.jsx": {"lines":{"total":7,"covered":0,"skipped":0,"pct":0},"functions":{"total":3,"covered":0,"skipped":0,"pct":0},"statements":{"total":7,"covered":0,"skipped":0,"pct":0},"branches":{"total":2,"covered":0,"skipped":0,"pct":0}}
,"/home/b/Trybe/Projetos/Front-end/sd-014-a-project-recipes-app/src/pages/ExpIngComidas.jsx": {"lines":{"total":7,"covered":0,"skipped":0,"pct":0},"functions":{"total":3,"covered":0,"skipped":0,"pct":0},"statements":{"total":7,"covered":0,"skipped":0,"pct":0},"branches":{"total":2,"covered":0,"skipped":0,"pct":0}}
,"/home/b/Trybe/Projetos/Front-end/sd-014-a-project-recipes-app/src/pages/Explorar.jsx": {"lines":{"total":4,"covered":0,"skipped":0,"pct":0},"functions":{"total":3,"covered":0,"skipped":0,"pct":0},"statements":{"total":4,"covered":0,"skipped":0,"pct":0},"branches":{"total":0,"covered":0,"skipped":0,"pct":100}}
,"/home/b/Trybe/Projetos/Front-end/sd-014-a-project-recipes-app/src/pages/Login.jsx": {"lines":{"total":17,"covered":10,"skipped":0,"pct":58.82},"functions":{"total":5,"covered":2,"skipped":0,"pct":40},"statements":{"total":18,"covered":10,"skipped":0,"pct":55.56},"branches":{"total":4,"covered":2,"skipped":0,"pct":50}}
,"/home/b/Trybe/Projetos/Front-end/sd-014-a-project-recipes-app/src/pages/NotFound.jsx": {"lines":{"total":1,"covered":0,"skipped":0,"pct":0},"functions":{"total":1,"covered":0,"skipped":0,"pct":0},"statements":{"total":1,"covered":0,"skipped":0,"pct":0},"branches":{"total":0,"covered":0,"skipped":0,"pct":100}}
,"/home/b/Trybe/Projetos/Front-end/sd-014-a-project-recipes-app/src/pages/Perfil.jsx": {"lines":{"total":6,"covered":0,"skipped":0,"pct":0},"functions":{"total":2,"covered":0,"skipped":0,"pct":0},"statements":{"total":6,"covered":0,"skipped":0,"pct":0},"branches":{"total":0,"covered":0,"skipped":0,"pct":100}}
,"/home/b/Trybe/Projetos/Front-end/sd-014-a-project-recipes-app/src/pages/ReceitasFavoritas.jsx": {"lines":{"total":39,"covered":0,"skipped":0,"pct":0},"functions":{"total":9,"covered":0,"skipped":0,"pct":0},"statements":{"total":42,"covered":0,"skipped":0,"pct":0},"branches":{"total":12,"covered":0,"skipped":0,"pct":0}}
,"/home/b/Trybe/Projetos/Front-end/sd-014-a-project-recipes-app/src/pages/ReceitasFeitas.jsx": {"lines":{"total":34,"covered":0,"skipped":0,"pct":0},"functions":{"total":8,"covered":0,"skipped":0,"pct":0},"statements":{"total":36,"covered":0,"skipped":0,"pct":0},"branches":{"total":12,"covered":0,"skipped":0,"pct":0}}
}
